<?xml version="1.0" encoding="UTF-8"?>
<!-- Generated by org.testng.reporters.JUnitXMLReporter -->
<testsuite hostname="tlvyanaf1lt" ignored="0" name="com.verifone.tests.columns" tests="31" failures="0" timestamp="16 Apr 2018 11:27:12 GMT" time="676.277" errors="0">
  <testcase name="@AfterMethod closePage" time="1.769" classname="com.verifone.tests.Columns">
    <failure type="org.openqa.selenium.NoSuchSessionException" message="Session ID is null. Using WebDriver after calling quit()?
Build info: version: &amp;apos;3.4.0&amp;apos;, revision: &amp;apos;unknown&amp;apos;, time: &amp;apos;unknown&amp;apos;
System info: host: &amp;apos;TLVYANAF1LT&amp;apos;, ip: &amp;apos;10.160.12.241&amp;apos;, os.name: &amp;apos;Windows 10&amp;apos;, os.arch: &amp;apos;amd64&amp;apos;, os.version: &amp;apos;10.0&amp;apos;, java.version: &amp;apos;1.8.0_162&amp;apos;
Driver info: driver.version: RemoteWebDriver">
      <![CDATA[org.openqa.selenium.NoSuchSessionException: Session ID is null. Using WebDriver after calling quit()?
Build info: version: '3.4.0', revision: 'unknown', time: 'unknown'
System info: host: 'TLVYANAF1LT', ip: '10.160.12.241', os.name: 'Windows 10', os.arch: 'amd64', os.version: '10.0', java.version: '1.8.0_162'
Driver info: driver.version: RemoteWebDriver
at org.openqa.selenium.remote.HttpCommandExecutor.execute(HttpCommandExecutor.java:131)
at org.openqa.selenium.remote.service.DriverCommandExecutor.execute(DriverCommandExecutor.java:82)
at org.openqa.selenium.remote.RemoteWebDriver.execute(RemoteWebDriver.java:637)
at org.openqa.selenium.remote.RemoteWebDriver.execute(RemoteWebDriver.java:694)
at org.openqa.selenium.remote.RemoteWebDriver.close(RemoteWebDriver.java:523)
at com.verifone.tests.Columns.closePage(Columns.java:350)
... Removed 27 stack frames]]>
    </failure>
  </testcase> <!-- @AfterMethod closePage -->
  <testcase name="@AfterTest closePage1" time="0.0" classname="com.verifone.tests.Columns">
    <failure type="org.testng.TestNGException" message="
Can inject only one of &amp;lt;ITestContext, XmlTest&amp;gt; into a @AfterTest annotated closePage1.
For more information on native dependency injection please refer to http://testng.org/doc/documentation-main.html#native-dependency-injection">
      <![CDATA[org.testng.TestNGException: 
Can inject only one of <ITestContext, XmlTest> into a @AfterTest annotated closePage1.
For more information on native dependency injection please refer to http://testng.org/doc/documentation-main.html#native-dependency-injection
... Removed 21 stack frames]]>
    </failure>
  </testcase> <!-- @AfterTest closePage1 -->
  <testcase name="columns" time="16.18" classname="com.verifone.tests.Columns"/>
  <testcase name="columns" time="15.38" classname="com.verifone.tests.Columns"/>
  <testcase name="columns" time="16.225" classname="com.verifone.tests.Columns"/>
  <testcase name="columns" time="22.103" classname="com.verifone.tests.Columns"/>
  <testcase name="columns" time="22.136" classname="com.verifone.tests.Columns"/>
  <testcase name="columns" time="21.604" classname="com.verifone.tests.Columns"/>
  <testcase name="columns" time="21.806" classname="com.verifone.tests.Columns"/>
  <testcase name="columns" time="21.774" classname="com.verifone.tests.Columns"/>
  <testcase name="columns" time="22.952" classname="com.verifone.tests.Columns"/>
  <testcase name="columns" time="21.669" classname="com.verifone.tests.Columns"/>
  <testcase name="columns" time="21.164" classname="com.verifone.tests.Columns"/>
  <testcase name="columns" time="21.3" classname="com.verifone.tests.Columns"/>
  <testcase name="columns" time="21.142" classname="com.verifone.tests.Columns"/>
  <testcase name="columns" time="21.237" classname="com.verifone.tests.Columns"/>
  <testcase name="columns" time="21.063" classname="com.verifone.tests.Columns"/>
  <testcase name="columns" time="21.139" classname="com.verifone.tests.Columns"/>
  <testcase name="columns" time="21.447" classname="com.verifone.tests.Columns"/>
  <testcase name="columns" time="21.876" classname="com.verifone.tests.Columns"/>
  <testcase name="columns" time="21.432" classname="com.verifone.tests.Columns"/>
  <testcase name="columns" time="21.583" classname="com.verifone.tests.Columns"/>
  <testcase name="columns" time="21.707" classname="com.verifone.tests.Columns"/>
  <testcase name="columns" time="21.267" classname="com.verifone.tests.Columns"/>
  <testcase name="columns" time="21.299" classname="com.verifone.tests.Columns"/>
  <testcase name="columns" time="21.666" classname="com.verifone.tests.Columns"/>
  <testcase name="columns" time="21.233" classname="com.verifone.tests.Columns"/>
  <testcase name="columns" time="21.23" classname="com.verifone.tests.Columns"/>
  <testcase name="columns" time="21.283" classname="com.verifone.tests.Columns"/>
  <testcase name="columns" time="21.104" classname="com.verifone.tests.Columns"/>
  <testcase name="columns" time="21.545" classname="com.verifone.tests.Columns"/>
  <testcase name="columns" time="21.46" classname="com.verifone.tests.Columns"/>
  <testcase name="columns" time="21.67" classname="com.verifone.tests.Columns"/>
</testsuite> <!-- com.verifone.tests.columns -->
