<html>
<head>
<title>TestNG:  Selenium Web Portal Automation Tests</title>
<link href="../testng.css" rel="stylesheet" type="text/css" />
<link href="../my-testng.css" rel="stylesheet" type="text/css" />

<style type="text/css">
.log { display: none;} 
.stack-trace { display: none;} 
</style>
<script type="text/javascript">
<!--
function flip(e) {
  current = e.style.display;
  if (current == 'block') {
    e.style.display = 'none';
    return 0;
  }
  else {
    e.style.display = 'block';
    return 1;
  }
}

function toggleBox(szDivId, elem, msg1, msg2)
{
  var res = -1;  if (document.getElementById) {
    res = flip(document.getElementById(szDivId));
  }
  else if (document.all) {
    // this is the way old msie versions work
    res = flip(document.all[szDivId]);
  }
  if(elem) {
    if(res == 0) elem.innerHTML = msg1; else elem.innerHTML = msg2;
  }

}

function toggleAllBoxes() {
  if (document.getElementsByTagName) {
    d = document.getElementsByTagName('div');
    for (i = 0; i < d.length; i++) {
      if (d[i].className == 'log') {
        flip(d[i]);
      }
    }
  }
}

// -->
</script>

</head>
<body>
<h2 align='center'>Selenium Web Portal Automation Tests</h2><table border='1' align="center">
<tr>
<td>Tests passed/Failed/Skipped:</td><td>21/1/0</td>
</tr><tr>
<td>Started on:</td><td>Thu Apr 26 16:06:27 IDT 2018</td>
</tr>
<tr><td>Total time:</td><td>512 seconds (512305 ms)</td>
</tr><tr>
<td>Included groups:</td><td></td>
</tr><tr>
<td>Excluded groups:</td><td></td>
</tr>
</table><p/>
<small><i>(Hover the method name to see the test class name)</i></small><p/>
<table width='100%' border='1' class='invocation-failed'>
<tr><td colspan='4' align='center'><b>FAILED TESTS</b></td></tr>
<tr><td><b>Test method</b></td>
<td width="30%"><b>Exception</b></td>
<td width="10%"><b>Time (seconds)</b></td>
<td><b>Instance</b></td>
</tr>
<tr>
<td title='com.verifone.tests.testAppl.testAppl()'><b>testAppl</b><br>Test class: com.verifone.tests.testAppl<br>Parameters: seleniumTest18, 1.1 , seleniumTest18, Active, 99, 1500, .transition, Field is Required</td>
<td><div><pre>java.lang.AssertionError: expected [Field is Required] but found [Error message not found!]
	at com.verifone.tests.testAppl.testAppl(testAppl.java:283)
... Removed 31 stack frames</pre></div><a href='#' onClick='toggleBox("stack-trace355649049", this, "Click to show all stack frames", "Click to hide stack frames")'>Click to show all stack frames</a>
<div class='stack-trace' id='stack-trace355649049'><pre>java.lang.AssertionError: expected [Field is Required] but found [Error message not found!]
	at org.testng.Assert.fail(Assert.java:96)
	at org.testng.Assert.failNotEquals(Assert.java:776)
	at org.testng.Assert.assertEqualsImpl(Assert.java:137)
	at org.testng.Assert.assertEquals(Assert.java:118)
	at org.testng.Assert.assertEquals(Assert.java:453)
	at org.testng.Assert.assertEquals(Assert.java:463)
	at com.verifone.tests.testAppl.testAppl(testAppl.java:283)
	at sun.reflect.NativeMethodAccessorImpl.invoke0(Native Method)
	at sun.reflect.NativeMethodAccessorImpl.invoke(Unknown Source)
	at sun.reflect.DelegatingMethodAccessorImpl.invoke(Unknown Source)
	at java.lang.reflect.Method.invoke(Unknown Source)
	at org.testng.internal.MethodInvocationHelper.invokeMethod(MethodInvocationHelper.java:124)
	at org.testng.internal.Invoker.invokeMethod(Invoker.java:580)
	at org.testng.internal.Invoker.invokeTestMethod(Invoker.java:716)
	at org.testng.internal.Invoker.invokeTestMethods(Invoker.java:988)
	at org.testng.internal.TestMethodWorker.invokeTestMethods(TestMethodWorker.java:125)
	at org.testng.internal.TestMethodWorker.run(TestMethodWorker.java:109)
	at org.testng.TestRunner.privateRun(TestRunner.java:648)
	at org.testng.TestRunner.run(TestRunner.java:505)
	at org.testng.SuiteRunner.runTest(SuiteRunner.java:455)
	at org.testng.SuiteRunner.runSequentially(SuiteRunner.java:450)
	at org.testng.SuiteRunner.privateRun(SuiteRunner.java:415)
	at org.testng.SuiteRunner.run(SuiteRunner.java:364)
	at org.testng.SuiteRunnerWorker.runSuite(SuiteRunnerWorker.java:52)
	at org.testng.SuiteRunnerWorker.run(SuiteRunnerWorker.java:84)
	at org.testng.TestNG.runSuitesSequentially(TestNG.java:1208)
	at org.testng.TestNG.runSuitesLocally(TestNG.java:1137)
	at org.testng.TestNG.runSuites(TestNG.java:1049)
	at org.testng.TestNG.run(TestNG.java:1017)
	at org.testng.remote.AbstractRemoteTestNG.run(AbstractRemoteTestNG.java:114)
	at org.testng.remote.RemoteTestNG.initAndRun(RemoteTestNG.java:251)
	at org.testng.remote.RemoteTestNG.main(RemoteTestNG.java:77)
</pre></div></td>
<td>78</td>
<td>com.verifone.tests.testAppl@6ac13091</td></tr>
</table><p>
<table width='100%' border='1' class='invocation-passed'>
<tr><td colspan='4' align='center'><b>PASSED TESTS</b></td></tr>
<tr><td><b>Test method</b></td>
<td width="30%"><b>Exception</b></td>
<td width="10%"><b>Time (seconds)</b></td>
<td><b>Instance</b></td>
</tr>
<tr>
<td title='com.verifone.tests.testAppl.testAppl()'><b>testAppl</b><br>Test class: com.verifone.tests.testAppl<br>Parameters: 99, 1.1 , seleniumTestName2, Active, Control, 1500, .transition, Field is Required</td>
<td></td>
<td>14</td>
<td>com.verifone.tests.testAppl@6ac13091</td></tr>
<tr>
<td title='com.verifone.tests.testAppl.testAppl()'><b>testAppl</b><br>Test class: com.verifone.tests.testAppl<br>Parameters:  , 1.1 , seleniumTestName6, Active, Control, 1500, .transition, Field is Required</td>
<td></td>
<td>12</td>
<td>com.verifone.tests.testAppl@6ac13091</td></tr>
<tr>
<td title='com.verifone.tests.testAppl.testAppl()'><b>testAppl</b><br>Test class: com.verifone.tests.testAppl<br>Parameters: seleniumTest5Longmorethan60characters123456789012345678901234, 1.1 , seleniumTestName5, Active, Control, 1500, .transition, appID should contain no more than 60 characters</td>
<td></td>
<td>12</td>
<td>com.verifone.tests.testAppl@6ac13091</td></tr>
<tr>
<td title='com.verifone.tests.testAppl.testAppl()'><b>testAppl</b><br>Test class: com.verifone.tests.testAppl<br>Parameters: seleniumTest1, 99, seleniumTestName1, Active, Control, 1500, .transition, Field is Required</td>
<td></td>
<td>12</td>
<td>com.verifone.tests.testAppl@6ac13091</td></tr>
<tr>
<td title='com.verifone.tests.testAppl.testAppl()'><b>testAppl</b><br>Test class: com.verifone.tests.testAppl<br>Parameters: seleniumTest7,  , seleniumTestName7, Active, Control, 1500, .transition, Field is Required</td>
<td></td>
<td>12</td>
<td>com.verifone.tests.testAppl@6ac13091</td></tr>
<tr>
<td title='com.verifone.tests.testAppl.testAppl()'><b>testAppl</b><br>Test class: com.verifone.tests.testAppl<br>Parameters: seleniumTest4, invalidVersion, seleniumTestName4, Active, Control, 1500, .transition, The value is not valid</td>
<td></td>
<td>12</td>
<td>com.verifone.tests.testAppl@6ac13091</td></tr>
<tr>
<td title='com.verifone.tests.testAppl.testAppl()'><b>testAppl</b><br>Test class: com.verifone.tests.testAppl<br>Parameters: seleniumTest9, 1.1 , seleniumTest9Longmorethan100characters123456789012345678901234567890123456789012345678901234567890123, Active, Control, 1500, .transition, name should contain no more than 100 characters</td>
<td></td>
<td>13</td>
<td>com.verifone.tests.testAppl@6ac13091</td></tr>
<tr>
<td title='com.verifone.tests.testAppl.testAppl()'><b>testAppl</b><br>Test class: com.verifone.tests.testAppl<br>Parameters: seleniumTest10, 1.1 , seleniumTest10, 99, Control, 1500, .transition, Field is Required</td>
<td></td>
<td>15</td>
<td>com.verifone.tests.testAppl@6ac13091</td></tr>
<tr>
<td title='com.verifone.tests.testAppl.testAppl()'><b>testAppl</b><br>Test class: com.verifone.tests.testAppl<br>Parameters: seleniumTest11, 1.1 , seleniumTest11, WrongStatus, Control, 1500, .transition, Value not exists</td>
<td></td>
<td>15</td>
<td>com.verifone.tests.testAppl@6ac13091</td></tr>
<tr>
<td title='com.verifone.tests.testAppl.testAppl()'><b>testAppl</b><br>Test class: com.verifone.tests.testAppl<br>Parameters: seleniumTest13, 1.1 , seleniumTest13, Active, Control, 99, .transition, Field is Required</td>
<td></td>
<td>15</td>
<td>com.verifone.tests.testAppl@6ac13091</td></tr>
<tr>
<td title='com.verifone.tests.testAppl.testAppl()'><b>testAppl</b><br>Test class: com.verifone.tests.testAppl<br>Parameters: seleniumTest16, 1.1 , seleniumTest16, Active, Control, String, .transition, throttlingMaxRequestCount must be greater than 0
The value must be in the range 1 - 1500</td>
<td></td>
<td>15</td>
<td>com.verifone.tests.testAppl@6ac13091</td></tr>
<tr>
<td title='com.verifone.tests.testAppl.testAppl()'><b>testAppl</b><br>Test class: com.verifone.tests.testAppl<br>Parameters: seleniumTest17, 1.1 , seleniumTest17, Active, Control, 0, .transition, throttlingMaxRequestCount must be greater than 0</td>
<td></td>
<td>20</td>
<td>com.verifone.tests.testAppl@6ac13091</td></tr>
<tr>
<td title='com.verifone.tests.testAppl.testAppl()'><b>testAppl</b><br>Test class: com.verifone.tests.testAppl<br>Parameters: seleniumTest12, 1.1 , seleniumTest12, Active, Control, 1501, .transition, The value must be in the range 1 - 1500</td>
<td></td>
<td>15</td>
<td>com.verifone.tests.testAppl@6ac13091</td></tr>
<tr>
<td title='com.verifone.tests.testAppl.testAppl()'><b>testAppl</b><br>Test class: com.verifone.tests.testAppl<br>Parameters: seleniumTest14, 1.1 , seleniumTest14, Active, Allow, 99, .toast-message, Succeeded.</td>
<td></td>
<td>28</td>
<td>com.verifone.tests.testAppl@6ac13091</td></tr>
<tr>
<td title='com.verifone.tests.testAppl.testAppl()'><b>testAppl</b><br>Test class: com.verifone.tests.testAppl<br>Parameters: seleniumTest21, 1.1 , seleniumTestName21, Disabled, Control, 1500, .toast-message, Succeeded.</td>
<td></td>
<td>28</td>
<td>com.verifone.tests.testAppl@6ac13091</td></tr>
<tr>
<td title='com.verifone.tests.testAppl.testAppl()'><b>testAppl</b><br>Test class: com.verifone.tests.testAppl<br>Parameters: seleniumTest22, 1.1 , 99, Active, Control, 1500, .toast-message, Succeeded.</td>
<td></td>
<td>25</td>
<td>com.verifone.tests.testAppl@6ac13091</td></tr>
<tr>
<td title='com.verifone.tests.testAppl.testAppl()'><b>testAppl</b><br>Test class: com.verifone.tests.testAppl<br>Parameters: seleniumTest23, 1.1 , 99, Active, Control, 111, .toast-message, Succeeded.</td>
<td></td>
<td>28</td>
<td>com.verifone.tests.testAppl@6ac13091</td></tr>
<tr>
<td title='com.verifone.tests.testAppl.testAppl()'><b>testAppl</b><br>Test class: com.verifone.tests.testAppl<br>Parameters: seleniumTest23, 1.1 , 99, Active, Control, 2, .toast-message, Succeeded.</td>
<td></td>
<td>29</td>
<td>com.verifone.tests.testAppl@6ac13091</td></tr>
<tr>
<td title='com.verifone.tests.testAppl.testAppl()'><b>testAppl</b><br>Test class: com.verifone.tests.testAppl<br>Parameters: seleniumTest15, 1.1 , seleniumTest15, Active, Deny, 99, .toast-message, Succeeded.</td>
<td></td>
<td>28</td>
<td>com.verifone.tests.testAppl@6ac13091</td></tr>
<tr>
<td title='com.verifone.tests.testAppl.testAppl()'><b>testAppl</b><br>Test class: com.verifone.tests.testAppl<br>Parameters: seleniumTest19, 1.1 , seleniumTest19, Active, WrongStatus, 1500, .transition, Value not exists</td>
<td></td>
<td>15</td>
<td>com.verifone.tests.testAppl@6ac13091</td></tr>
<tr>
<td title='com.verifone.tests.testAppl.testAppl()'><b>testAppl</b><br>Test class: com.verifone.tests.testAppl<br>Parameters: seleniumTest20Longis60characters1234567890123456789012345678, 1.1 , seleniumTest20Longis100characters1234567890123456789012345678901234567890123456789012345678901234567, Active, Control, 1, .toast-message, Succeeded.</td>
<td></td>
<td>29</td>
<td>com.verifone.tests.testAppl@6ac13091</td></tr>
</table><p>
</body>
</html>