<?xml version="1.0" encoding="UTF-8"?>
<!-- Generated by org.testng.reporters.JUnitXMLReporter -->
<testsuite hostname="tlvyanaf1lt" ignored="0" name="Selenium Web Portal Automation Tests" tests="22" failures="1" timestamp="26 Apr 2018 13:14:59 GMT" time="512.305" errors="0">
  <testcase name="testAppl" time="14.647" classname="com.verifone.tests.testAppl"/>
  <testcase name="testAppl" time="12.298" classname="com.verifone.tests.testAppl"/>
  <testcase name="testAppl" time="12.743" classname="com.verifone.tests.testAppl"/>
  <testcase name="testAppl" time="12.345" classname="com.verifone.tests.testAppl"/>
  <testcase name="testAppl" time="12.317" classname="com.verifone.tests.testAppl"/>
  <testcase name="testAppl" time="12.426" classname="com.verifone.tests.testAppl"/>
  <testcase name="testAppl" time="13.059" classname="com.verifone.tests.testAppl"/>
  <testcase name="testAppl" time="15.534" classname="com.verifone.tests.testAppl"/>
  <testcase name="testAppl" time="15.69" classname="com.verifone.tests.testAppl"/>
  <testcase name="testAppl" time="15.521" classname="com.verifone.tests.testAppl"/>
  <testcase name="testAppl" time="15.497" classname="com.verifone.tests.testAppl"/>
  <testcase name="testAppl" time="78.316" classname="com.verifone.tests.testAppl">
    <failure type="java.lang.AssertionError" message="expected [Field is Required] but found [Error message not found!]">
      <![CDATA[java.lang.AssertionError: expected [Field is Required] but found [Error message not found!]
at com.verifone.tests.testAppl.testAppl(testAppl.java:283)
... Removed 31 stack frames]]>
    </failure>
  </testcase> <!-- testAppl -->
  <testcase name="testAppl" time="20.632" classname="com.verifone.tests.testAppl"/>
  <testcase name="testAppl" time="15.48" classname="com.verifone.tests.testAppl"/>
  <testcase name="testAppl" time="28.817" classname="com.verifone.tests.testAppl"/>
  <testcase name="testAppl" time="28.875" classname="com.verifone.tests.testAppl"/>
  <testcase name="testAppl" time="25.447" classname="com.verifone.tests.testAppl"/>
  <testcase name="testAppl" time="28.421" classname="com.verifone.tests.testAppl"/>
  <testcase name="testAppl" time="29.877" classname="com.verifone.tests.testAppl"/>
  <testcase name="testAppl" time="28.627" classname="com.verifone.tests.testAppl"/>
  <testcase name="testAppl" time="15.784" classname="com.verifone.tests.testAppl"/>
  <testcase name="testAppl" time="29.865" classname="com.verifone.tests.testAppl"/>
</testsuite> <!-- Selenium Web Portal Automation Tests -->
