<?xml version="1.0" encoding="UTF-8"?>
<!-- Generated by org.testng.reporters.JUnitReportReporter -->
<testsuite skipped="0" hostname="tlvyanaf1lt" name="com.verifone.tests.Columns" tests="33" failures="0" timestamp="16 Apr 2018 11:27:12 GMT" time="653.849" errors="2">
  <testcase name="columns" time="15.435" classname="com.verifone.tests.Columns"/>
  <testcase name="columns" time="16.251" classname="com.verifone.tests.Columns"/>
  <testcase name="columns" time="21.275" classname="com.verifone.tests.Columns"/>
  <testcase name="columns" time="16.232" classname="com.verifone.tests.Columns"/>
  <testcase name="columns" time="21.646" classname="com.verifone.tests.Columns"/>
  <testcase name="columns" time="22.186" classname="com.verifone.tests.Columns"/>
  <testcase name="columns" time="21.263" classname="com.verifone.tests.Columns"/>
  <testcase name="columns" time="21.473" classname="com.verifone.tests.Columns"/>
  <testcase name="columns" time="21.310" classname="com.verifone.tests.Columns"/>
  <testcase name="columns" time="21.627" classname="com.verifone.tests.Columns"/>
  <testcase name="columns" time="21.897" classname="com.verifone.tests.Columns"/>
  <testcase name="columns" time="21.337" classname="com.verifone.tests.Columns"/>
  <testcase name="columns" time="21.169" classname="com.verifone.tests.Columns"/>
  <testcase name="columns" time="21.321" classname="com.verifone.tests.Columns"/>
  <testcase name="columns" time="22.130" classname="com.verifone.tests.Columns"/>
  <testcase name="columns" time="21.592" classname="com.verifone.tests.Columns"/>
  <testcase name="columns" time="21.702" classname="com.verifone.tests.Columns"/>
  <testcase name="columns" time="23.233" classname="com.verifone.tests.Columns"/>
  <testcase name="columns" time="21.164" classname="com.verifone.tests.Columns"/>
  <testcase name="columns" time="21.736" classname="com.verifone.tests.Columns"/>
  <testcase name="closePage1" time="0.030" classname="com.verifone.tests.Columns">
    <error type="org.testng.TestNGException" message="
Can inject only one of &lt;ITestContext, XmlTest&gt; into a @AfterTest annotated closePage1.
For more information on native dependency injection please refer to http://testng.org/doc/documentation-main.html#native-dependency-injection">
      <![CDATA[org.testng.TestNGException: 
Can inject only one of <ITestContext, XmlTest> into a @AfterTest annotated closePage1.
For more information on native dependency injection please refer to http://testng.org/doc/documentation-main.html#native-dependency-injection
at org.testng.internal.Parameters.checkParameterTypes(Parameters.java:407)
at org.testng.internal.Parameters.createParametersForMethod(Parameters.java:356)
at org.testng.internal.Parameters.createParameters(Parameters.java:635)
at org.testng.internal.Parameters.createConfigurationParameters(Parameters.java:190)
at org.testng.internal.Invoker.invokeConfigurations(Invoker.java:209)
at org.testng.internal.Invoker.invokeConfigurations(Invoker.java:142)
at org.testng.TestRunner.afterRun(TestRunner.java:725)
at org.testng.TestRunner.run(TestRunner.java:509)
at org.testng.SuiteRunner.runTest(SuiteRunner.java:455)
at org.testng.SuiteRunner.runSequentially(SuiteRunner.java:450)
at org.testng.SuiteRunner.privateRun(SuiteRunner.java:415)
at org.testng.SuiteRunner.run(SuiteRunner.java:364)
at org.testng.SuiteRunnerWorker.runSuite(SuiteRunnerWorker.java:52)
at org.testng.SuiteRunnerWorker.run(SuiteRunnerWorker.java:84)
at org.testng.TestNG.runSuitesSequentially(TestNG.java:1208)
at org.testng.TestNG.runSuitesLocally(TestNG.java:1137)
at org.testng.TestNG.runSuites(TestNG.java:1049)
at org.testng.TestNG.run(TestNG.java:1017)
at org.testng.remote.AbstractRemoteTestNG.run(AbstractRemoteTestNG.java:114)
at org.testng.remote.RemoteTestNG.initAndRun(RemoteTestNG.java:251)
at org.testng.remote.RemoteTestNG.main(RemoteTestNG.java:77)
]]>
    </error>
  </testcase> <!-- closePage1 -->
  <testcase name="columns" time="21.301" classname="com.verifone.tests.Columns"/>
  <testcase name="columns" time="21.178" classname="com.verifone.tests.Columns"/>
  <testcase name="columns" time="21.351" classname="com.verifone.tests.Columns"/>
  <testcase name="columns" time="21.689" classname="com.verifone.tests.Columns"/>
  <testcase name="columns" time="21.100" classname="com.verifone.tests.Columns"/>
  <testcase name="columns" time="21.463" classname="com.verifone.tests.Columns"/>
  <testcase name="columns" time="21.838" classname="com.verifone.tests.Columns"/>
  <testcase name="columns" time="21.826" classname="com.verifone.tests.Columns"/>
  <testcase name="columns" time="21.701" classname="com.verifone.tests.Columns"/>
  <testcase name="columns" time="21.164" classname="com.verifone.tests.Columns"/>
  <testcase name="columns" time="21.460" classname="com.verifone.tests.Columns"/>
  <testcase name="closePage" time="1.769" classname="com.verifone.tests.Columns">
    <error type="org.openqa.selenium.NoSuchSessionException" message="Session ID is null. Using WebDriver after calling quit()?
Build info: version: &#039;3.4.0&#039;, revision: &#039;unknown&#039;, time: &#039;unknown&#039;
System info: host: &#039;TLVYANAF1LT&#039;, ip: &#039;10.160.12.241&#039;, os.name: &#039;Windows 10&#039;, os.arch: &#039;amd64&#039;, os.version: &#039;10.0&#039;, java.version: &#039;1.8.0_162&#039;
Driver info: driver.version: RemoteWebDriver">
      <![CDATA[org.openqa.selenium.NoSuchSessionException: Session ID is null. Using WebDriver after calling quit()?
Build info: version: '3.4.0', revision: 'unknown', time: 'unknown'
System info: host: 'TLVYANAF1LT', ip: '10.160.12.241', os.name: 'Windows 10', os.arch: 'amd64', os.version: '10.0', java.version: '1.8.0_162'
Driver info: driver.version: RemoteWebDriver
at org.openqa.selenium.remote.HttpCommandExecutor.execute(HttpCommandExecutor.java:131)
at org.openqa.selenium.remote.service.DriverCommandExecutor.execute(DriverCommandExecutor.java:82)
at org.openqa.selenium.remote.RemoteWebDriver.execute(RemoteWebDriver.java:637)
at org.openqa.selenium.remote.RemoteWebDriver.execute(RemoteWebDriver.java:694)
at org.openqa.selenium.remote.RemoteWebDriver.close(RemoteWebDriver.java:523)
at com.verifone.tests.Columns.closePage(Columns.java:350)
at sun.reflect.GeneratedMethodAccessor28.invoke(Unknown Source)
at sun.reflect.DelegatingMethodAccessorImpl.invoke(Unknown Source)
at java.lang.reflect.Method.invoke(Unknown Source)
at org.testng.internal.MethodInvocationHelper.invokeMethod(MethodInvocationHelper.java:124)
at org.testng.internal.MethodInvocationHelper.invokeMethodConsideringTimeout(MethodInvocationHelper.java:59)
at org.testng.internal.Invoker.invokeConfigurationMethod(Invoker.java:455)
at org.testng.internal.Invoker.invokeConfigurations(Invoker.java:222)
at org.testng.internal.Invoker.invokeMethod(Invoker.java:643)
at org.testng.internal.Invoker.invokeTestMethod(Invoker.java:716)
at org.testng.internal.Invoker.invokeTestMethods(Invoker.java:988)
at org.testng.internal.TestMethodWorker.invokeTestMethods(TestMethodWorker.java:125)
at org.testng.internal.TestMethodWorker.run(TestMethodWorker.java:109)
at org.testng.TestRunner.privateRun(TestRunner.java:648)
at org.testng.TestRunner.run(TestRunner.java:505)
at org.testng.SuiteRunner.runTest(SuiteRunner.java:455)
at org.testng.SuiteRunner.runSequentially(SuiteRunner.java:450)
at org.testng.SuiteRunner.privateRun(SuiteRunner.java:415)
at org.testng.SuiteRunner.run(SuiteRunner.java:364)
at org.testng.SuiteRunnerWorker.runSuite(SuiteRunnerWorker.java:52)
at org.testng.SuiteRunnerWorker.run(SuiteRunnerWorker.java:84)
at org.testng.TestNG.runSuitesSequentially(TestNG.java:1208)
at org.testng.TestNG.runSuitesLocally(TestNG.java:1137)
at org.testng.TestNG.runSuites(TestNG.java:1049)
at org.testng.TestNG.run(TestNG.java:1017)
at org.testng.remote.AbstractRemoteTestNG.run(AbstractRemoteTestNG.java:114)
at org.testng.remote.RemoteTestNG.initAndRun(RemoteTestNG.java:251)
at org.testng.remote.RemoteTestNG.main(RemoteTestNG.java:77)
]]>
    </error>
  </testcase> <!-- closePage -->
</testsuite> <!-- com.verifone.tests.Columns -->
